<?xml version="1.0" encoding="UTF-8"?>
<testng-results ignored="0" total="1" passed="1" failed="0" skipped="0">
  <reporter-output>
  </reporter-output>
  <suite started-at="2024-05-22T12:04:55 IST" name="Default suite" finished-at="2024-05-22T12:04:56 IST" duration-ms="1394">
    <groups>
    </groups>
    <test started-at="2024-05-22T12:04:55 IST" name="Default test" finished-at="2024-05-22T12:04:56 IST" duration-ms="1394">
      <class name="day1.HttpRequest">
        <test-method signature="getusers()[pri:0, instance:day1.HttpRequest@7ec7ffd3]" started-at="2024-05-22T12:04:55 IST" name="getusers" finished-at="2024-05-22T12:04:56 IST" duration-ms="1364" status="PASS">
          <reporter-output>
          </reporter-output>
        </test-method> <!-- getusers -->
      </class> <!-- day1.HttpRequest -->
    </test> <!-- Default test -->
  </suite> <!-- Default suite -->
</testng-results>
